0 info it worked if it ends with ok
1 verbose cli [ '/usr/local/bin/node',
1 verbose cli   '/usr/local/lib/node_modules/npm/bin/npm-cli.js',
1 verbose cli   'run-script',
1 verbose cli   'start' ]
2 info using npm@4.1.2
3 info using node@v7.6.0
4 verbose run-script [ 'prestart', 'start', 'poststart' ]
5 info lifecycle mohewebsite@0.1.0-SNAPSHOT~prestart: mohewebsite@0.1.0-SNAPSHOT
6 silly lifecycle mohewebsite@0.1.0-SNAPSHOT~prestart: no script for prestart, continuing
7 info lifecycle mohewebsite@0.1.0-SNAPSHOT~start: mohewebsite@0.1.0-SNAPSHOT
8 verbose lifecycle mohewebsite@0.1.0-SNAPSHOT~start: unsafe-perm in lifecycle true
9 verbose lifecycle mohewebsite@0.1.0-SNAPSHOT~start: PATH: /usr/local/lib/node_modules/npm/bin/node-gyp-bin:/Users/zhouwanli/Workspaces/moheqionglin/moheWebsite/node_modules/.bin:/usr/local/bin:/usr/bin:/bin:/usr/sbin:/sbin:/opt/X11/bin:/usr/local/go/bin:/usr/local/lib/node_modules/:/Users/zhouwanli/bin:/Library/Java/JavaVirtualMachines/jdk1.8.0_91.jdk/Contents/Home/bin:/usr/local/selfApp/maven/bin:/usr/local/selfApp/ec2-api-tools-1.7.5.1/bin:/usr/local/selfApp/instantclient_12_1:/usr/local/selfApp/cloudera/cdh5.7/hadoop/bin:/usr/local/selfApp/cloudera/cdh5.7/hbase/bin:/usr/local/selfApp/cloudera/cdh5.7/hive/bin:/usr/local/selfApp/cloudera/cdh5.7/hive/hcatalog/bin:/usr/local/selfApp/sbt-launcher-packaging-0.13.13/bin:/usr/local/selfApp/gradle-3.3-rc-1/bin:/usr/local/selfApp/android-sdk/bin:/usr/local/selfApp/mongodb/mongodb-osx-x86_64-3.4.2/bin:/Users/zhouwanli/node_modules/hexo/bin
10 verbose lifecycle mohewebsite@0.1.0-SNAPSHOT~start: CWD: /Users/zhouwanli/Workspaces/moheqionglin/moheWebsite
11 silly lifecycle mohewebsite@0.1.0-SNAPSHOT~start: Args: [ '-c', 'node ./bin/www' ]
12 silly lifecycle mohewebsite@0.1.0-SNAPSHOT~start: Returned: code: 1  signal: null
13 info lifecycle mohewebsite@0.1.0-SNAPSHOT~start: Failed to exec start script
14 verbose stack Error: mohewebsite@0.1.0-SNAPSHOT start: `node ./bin/www`
14 verbose stack Exit status 1
14 verbose stack     at EventEmitter.<anonymous> (/usr/local/lib/node_modules/npm/lib/utils/lifecycle.js:279:16)
14 verbose stack     at emitTwo (events.js:106:13)
14 verbose stack     at EventEmitter.emit (events.js:192:7)
14 verbose stack     at ChildProcess.<anonymous> (/usr/local/lib/node_modules/npm/lib/utils/spawn.js:40:14)
14 verbose stack     at emitTwo (events.js:106:13)
14 verbose stack     at ChildProcess.emit (events.js:192:7)
14 verbose stack     at maybeClose (internal/child_process.js:890:16)
14 verbose stack     at Process.ChildProcess._handle.onexit (internal/child_process.js:226:5)
15 verbose pkgid mohewebsite@0.1.0-SNAPSHOT
16 verbose cwd /Users/zhouwanli/Workspaces/moheqionglin/moheWebsite
17 error Darwin 16.0.0
18 error argv "/usr/local/bin/node" "/usr/local/lib/node_modules/npm/bin/npm-cli.js" "run-script" "start"
19 error node v7.6.0
20 error npm  v4.1.2
21 error code ELIFECYCLE
22 error mohewebsite@0.1.0-SNAPSHOT start: `node ./bin/www`
22 error Exit status 1
23 error Failed at the mohewebsite@0.1.0-SNAPSHOT start script 'node ./bin/www'.
23 error Make sure you have the latest version of node.js and npm installed.
23 error If you do, this is most likely a problem with the mohewebsite package,
23 error not with npm itself.
23 error Tell the author that this fails on your system:
23 error     node ./bin/www
23 error You can get information on how to open an issue for this project with:
23 error     npm bugs mohewebsite
23 error Or if that isn't available, you can get their info via:
23 error     npm owner ls mohewebsite
23 error There is likely additional logging output above.
24 verbose exit [ 1, true ]
