[2017-04-23 09:50:04.763] [INFO] app - App started success! port: 9999
[2017-04-23 09:50:15.220] [INFO] app - Process GET / ...
[2017-04-23 09:50:15.242] [INFO] app - Process GET /bower_components/bootstrap/dist/css/bootstrap.min.css ...
[2017-04-23 09:50:15.243] [INFO] app - Process GET /bower_components/animate.css/animate.min.css ...
[2017-04-23 09:50:15.244] [INFO] app - Process GET /bower_components/bootstrap-offcanvas/dist/css/bootstrap.offcanvas.min.css ...
[2017-04-23 09:50:15.245] [INFO] app - Process GET /stylesheets/main.min.css ...
[2017-04-23 09:50:15.246] [INFO] app - Process GET /bower_components/jquery/dist/jquery.min.js ...
[2017-04-23 09:50:15.247] [INFO] app - Process GET /bower_components/bootstrap-offcanvas/dist/js/bootstrap.offcanvas.js ...
[2017-04-23 09:50:15.252] [INFO] app - Process GET /bower_components/bootstrap/js/dropdown.js ...
[2017-04-23 09:50:15.315] [INFO] app - Process GET /images/dist/index-body-bg.jpg ...
[2017-04-23 09:50:15.316] [INFO] app - Process GET /font/fontello.woff2?73501499 ...
[2017-04-23 09:50:15.548] [INFO] app - Process GET /images/favicon.ico ...
[2017-04-23 10:19:41.254] [INFO] app - Process GET / ...
[2017-04-23 10:19:41.270] [INFO] app - Process GET /bower_components/bootstrap/dist/css/bootstrap.min.css ...
[2017-04-23 10:19:41.277] [INFO] app - Process GET /bower_components/animate.css/animate.min.css ...
[2017-04-23 10:19:41.278] [INFO] app - Process GET /bower_components/bootstrap-offcanvas/dist/css/bootstrap.offcanvas.min.css ...
[2017-04-23 10:19:41.279] [INFO] app - Process GET /stylesheets/main.min.css ...
[2017-04-23 10:19:41.279] [INFO] app - Process GET /bower_components/jquery/dist/jquery.min.js ...
[2017-04-23 10:19:41.279] [INFO] app - Process GET /bower_components/bootstrap-offcanvas/dist/js/bootstrap.offcanvas.js ...
[2017-04-23 10:19:41.286] [INFO] app - Process GET /bower_components/bootstrap/js/dropdown.js ...
[2017-04-23 10:19:41.332] [INFO] app - Process GET /images/dist/index-body-bg.jpg ...
[2017-04-23 10:19:41.333] [INFO] app - Process GET /font/fontello.woff2?73501499 ...
[2017-04-23 10:19:41.544] [INFO] app - Process GET /images/favicon.ico ...
[2017-04-23 10:20:17.928] [INFO] app - Process GET / ...
[2017-04-23 10:20:17.942] [INFO] app - Process GET /bower_components/bootstrap/dist/css/bootstrap.min.css ...
[2017-04-23 10:20:17.943] [INFO] app - Process GET /bower_components/animate.css/animate.min.css ...
[2017-04-23 10:20:17.944] [INFO] app - Process GET /bower_components/bootstrap-offcanvas/dist/css/bootstrap.offcanvas.min.css ...
[2017-04-23 10:20:17.945] [INFO] app - Process GET /stylesheets/main.min.css ...
[2017-04-23 10:20:17.953] [INFO] app - Process GET /bower_components/jquery/dist/jquery.min.js ...
[2017-04-23 10:20:17.962] [INFO] app - Process GET /bower_components/bootstrap-offcanvas/dist/js/bootstrap.offcanvas.js ...
[2017-04-23 10:20:17.974] [INFO] app - Process GET /bower_components/bootstrap/js/dropdown.js ...
[2017-04-23 10:20:17.983] [INFO] app - Process GET /images/logo.gif ...
[2017-04-23 10:20:18.034] [INFO] app - Process GET /images/dist/index-body-bg.jpg ...
[2017-04-23 10:20:18.035] [INFO] app - Process GET /font/fontello.woff2?73501499 ...
[2017-04-23 10:20:18.154] [INFO] app - Process GET /images/favicon.ico ...
[2017-04-23 10:21:02.179] [INFO] app - Process GET / ...
[2017-04-23 10:21:02.200] [INFO] app - Process GET /bower_components/bootstrap/dist/css/bootstrap.min.css ...
[2017-04-23 10:21:02.202] [INFO] app - Process GET /bower_components/animate.css/animate.min.css ...
[2017-04-23 10:21:02.202] [INFO] app - Process GET /bower_components/bootstrap-offcanvas/dist/css/bootstrap.offcanvas.min.css ...
[2017-04-23 10:21:02.202] [INFO] app - Process GET /stylesheets/main.min.css ...
[2017-04-23 10:21:02.219] [INFO] app - Process GET /bower_components/jquery/dist/jquery.min.js ...
[2017-04-23 10:21:02.224] [INFO] app - Process GET /bower_components/bootstrap-offcanvas/dist/js/bootstrap.offcanvas.js ...
[2017-04-23 10:21:02.228] [INFO] app - Process GET /bower_components/bootstrap/js/dropdown.js ...
[2017-04-23 10:21:02.234] [INFO] app - Process GET /images/logo.gif ...
[2017-04-23 10:21:02.355] [INFO] app - Process GET /images/favicon.ico ...
[2017-04-23 10:21:21.876] [INFO] app - Process GET / ...
[2017-04-23 10:21:21.894] [INFO] app - Process GET /bower_components/bootstrap/dist/css/bootstrap.min.css ...
[2017-04-23 10:21:21.897] [INFO] app - Process GET /bower_components/animate.css/animate.min.css ...
[2017-04-23 10:21:21.898] [INFO] app - Process GET /bower_components/bootstrap-offcanvas/dist/css/bootstrap.offcanvas.min.css ...
[2017-04-23 10:21:21.898] [INFO] app - Process GET /stylesheets/main.min.css ...
[2017-04-23 10:21:21.913] [INFO] app - Process GET /bower_components/jquery/dist/jquery.min.js ...
[2017-04-23 10:21:21.919] [INFO] app - Process GET /bower_components/bootstrap-offcanvas/dist/js/bootstrap.offcanvas.js ...
[2017-04-23 10:21:21.923] [INFO] app - Process GET /bower_components/bootstrap/js/dropdown.js ...
[2017-04-23 10:21:21.928] [INFO] app - Process GET /images/logo.gif ...
[2017-04-23 10:21:21.981] [INFO] app - Process GET /font/fontello.woff2?73501499 ...
[2017-04-23 10:21:22.080] [INFO] app - Process GET /images/favicon.ico ...
[2017-04-23 10:21:24.064] [INFO] app - Process GET / ...
[2017-04-23 10:21:24.084] [INFO] app - Process GET /bower_components/bootstrap/dist/css/bootstrap.min.css ...
[2017-04-23 10:21:24.085] [INFO] app - Process GET /bower_components/animate.css/animate.min.css ...
[2017-04-23 10:21:24.086] [INFO] app - Process GET /bower_components/bootstrap-offcanvas/dist/css/bootstrap.offcanvas.min.css ...
[2017-04-23 10:21:24.087] [INFO] app - Process GET /stylesheets/main.min.css ...
[2017-04-23 10:21:24.094] [INFO] app - Process GET /bower_components/jquery/dist/jquery.min.js ...
[2017-04-23 10:21:24.104] [INFO] app - Process GET /bower_components/bootstrap-offcanvas/dist/js/bootstrap.offcanvas.js ...
[2017-04-23 10:21:24.109] [INFO] app - Process GET /bower_components/bootstrap/js/dropdown.js ...
[2017-04-23 10:21:24.111] [INFO] app - Process GET /images/logo.gif ...
[2017-04-23 10:21:24.132] [INFO] app - Process GET /font/fontello.woff2?73501499 ...
[2017-04-23 10:21:24.230] [INFO] app - Process GET /images/favicon.ico ...
[2017-04-23 11:35:43.248] [INFO] app - Process GET /bower_components/bootstrap/dist/css/bootstrap.min.css ...
[2017-04-23 11:35:43.252] [INFO] app - Process GET /bower_components/animate.css/animate.min.css ...
[2017-04-23 11:35:43.253] [INFO] app - Process GET /bower_components/bootstrap-offcanvas/dist/css/bootstrap.offcanvas.min.css ...
[2017-04-23 11:35:43.254] [INFO] app - Process GET /stylesheets/main.min.css ...
[2017-04-23 11:35:45.532] [INFO] app - Process GET / ...
[2017-04-23 11:35:45.546] [INFO] app - Process GET /bower_components/bootstrap/dist/css/bootstrap.min.css ...
[2017-04-23 11:35:45.547] [INFO] app - Process GET /bower_components/animate.css/animate.min.css ...
[2017-04-23 11:35:45.549] [INFO] app - Process GET /bower_components/bootstrap-offcanvas/dist/css/bootstrap.offcanvas.min.css ...
[2017-04-23 11:35:45.549] [INFO] app - Process GET /stylesheets/main.min.css ...
[2017-04-23 11:35:45.560] [INFO] app - Process GET /bower_components/jquery/dist/jquery.min.js ...
[2017-04-23 11:35:45.567] [INFO] app - Process GET /bower_components/bootstrap-offcanvas/dist/js/bootstrap.offcanvas.min.js ...
[2017-04-23 11:35:45.572] [INFO] app - Process GET /bower_components/bootstrap/js/dropdown.js ...
[2017-04-23 11:35:45.578] [INFO] app - Process GET /bower_components/angular/angular.min.js ...
[2017-04-23 11:35:45.584] [INFO] app - Process GET /home/mhWeb.js ...
[2017-04-23 11:35:45.591] [INFO] app - Process GET /home/homeModule.js ...
[2017-04-23 11:35:45.596] [INFO] app - Process GET /blog/blogModule.js ...
[2017-04-23 11:35:45.601] [INFO] app - Process GET /books/booksModule.js ...
[2017-04-23 11:35:45.607] [INFO] app - Process GET /questions/questionsModule.js ...
[2017-04-23 11:35:45.624] [INFO] app - Process GET /serilaze/serilazeModule.js ...
[2017-04-23 11:35:45.625] [INFO] app - Process GET /statistics/statisticsModule.js ...
[2017-04-23 11:35:45.626] [INFO] app - Process GET /images/logo.gif ...
[2017-04-23 11:35:45.683] [INFO] app - Process GET /bower_components/jquery/dist/jquery.min.map ...
[2017-04-23 11:35:45.683] [INFO] app - Process GET /bower_components/angular/angular.min.js.map ...
[2017-04-23 11:35:45.754] [INFO] app - Process GET /font/fontello.woff2?73501499 ...
[2017-04-23 11:37:11.368] [INFO] app - Process GET / ...
[2017-04-23 11:37:11.384] [INFO] app - Process GET /bower_components/bootstrap/dist/css/bootstrap.min.css ...
[2017-04-23 11:37:11.385] [INFO] app - Process GET /bower_components/animate.css/animate.min.css ...
[2017-04-23 11:37:11.386] [INFO] app - Process GET /bower_components/bootstrap-offcanvas/dist/css/bootstrap.offcanvas.min.css ...
[2017-04-23 11:37:11.387] [INFO] app - Process GET /stylesheets/main.min.css ...
[2017-04-23 11:37:11.393] [INFO] app - Process GET /bower_components/jquery/dist/jquery.min.js ...
[2017-04-23 11:37:11.399] [INFO] app - Process GET /bower_components/bootstrap-offcanvas/dist/js/bootstrap.offcanvas.min.js ...
[2017-04-23 11:37:11.405] [INFO] app - Process GET /bower_components/bootstrap/js/dropdown.js ...
[2017-04-23 11:37:11.410] [INFO] app - Process GET /bower_components/angular/angular.min.js ...
[2017-04-23 11:37:11.416] [INFO] app - Process GET /home/mhWeb.js ...
[2017-04-23 11:37:11.422] [INFO] app - Process GET /home/homeModule.js ...
[2017-04-23 11:37:11.426] [INFO] app - Process GET /blog/blogModule.js ...
[2017-04-23 11:37:11.430] [INFO] app - Process GET /books/booksModule.js ...
[2017-04-23 11:37:11.434] [INFO] app - Process GET /questions/questionsModule.js ...
[2017-04-23 11:37:11.441] [INFO] app - Process GET /serilaze/serilazeModule.js ...
[2017-04-23 11:37:11.466] [INFO] app - Process GET /statistics/statisticsModule.js ...
[2017-04-23 11:37:11.467] [INFO] app - Process GET /home/mhWebCtrl.js ...
[2017-04-23 11:37:11.468] [INFO] app - Process GET /images/logo.gif ...
[2017-04-23 11:37:11.524] [INFO] app - Process GET /bower_components/jquery/dist/jquery.min.map ...
[2017-04-23 11:37:11.524] [INFO] app - Process GET /bower_components/angular/angular.min.js.map ...
[2017-04-23 11:37:11.597] [INFO] app - Process GET /font/fontello.woff2?73501499 ...
[2017-04-23 11:37:13.363] [INFO] app - Process GET / ...
[2017-04-23 11:37:13.380] [INFO] app - Process GET /bower_components/bootstrap/dist/css/bootstrap.min.css ...
[2017-04-23 11:37:13.381] [INFO] app - Process GET /bower_components/animate.css/animate.min.css ...
[2017-04-23 11:37:13.382] [INFO] app - Process GET /bower_components/bootstrap-offcanvas/dist/css/bootstrap.offcanvas.min.css ...
[2017-04-23 11:37:13.382] [INFO] app - Process GET /stylesheets/main.min.css ...
[2017-04-23 11:37:13.392] [INFO] app - Process GET /bower_components/jquery/dist/jquery.min.js ...
[2017-04-23 11:37:13.397] [INFO] app - Process GET /bower_components/bootstrap-offcanvas/dist/js/bootstrap.offcanvas.min.js ...
[2017-04-23 11:37:13.402] [INFO] app - Process GET /bower_components/bootstrap/js/dropdown.js ...
[2017-04-23 11:37:13.408] [INFO] app - Process GET /bower_components/angular/angular.min.js ...
[2017-04-23 11:37:13.414] [INFO] app - Process GET /home/mhWeb.js ...
[2017-04-23 11:37:13.421] [INFO] app - Process GET /home/homeModule.js ...
[2017-04-23 11:37:13.426] [INFO] app - Process GET /blog/blogModule.js ...
[2017-04-23 11:37:13.431] [INFO] app - Process GET /books/booksModule.js ...
[2017-04-23 11:37:13.435] [INFO] app - Process GET /questions/questionsModule.js ...
[2017-04-23 11:37:13.454] [INFO] app - Process GET /serilaze/serilazeModule.js ...
[2017-04-23 11:37:13.455] [INFO] app - Process GET /statistics/statisticsModule.js ...
[2017-04-23 11:37:13.455] [INFO] app - Process GET /home/mhWebCtrl.js ...
[2017-04-23 11:37:13.456] [INFO] app - Process GET /images/logo.gif ...
[2017-04-23 11:37:13.506] [INFO] app - Process GET /bower_components/jquery/dist/jquery.min.map ...
[2017-04-23 11:37:13.507] [INFO] app - Process GET /bower_components/angular/angular.min.js.map ...
[2017-04-23 11:37:13.574] [INFO] app - Process GET /font/fontello.woff2?73501499 ...
[2017-04-23 11:43:46.800] [INFO] app - Process GET / ...
[2017-04-23 11:43:46.818] [INFO] app - Process GET /bower_components/bootstrap/dist/css/bootstrap.min.css ...
[2017-04-23 11:43:46.819] [INFO] app - Process GET /bower_components/animate.css/animate.min.css ...
[2017-04-23 11:43:46.820] [INFO] app - Process GET /bower_components/bootstrap-offcanvas/dist/css/bootstrap.offcanvas.min.css ...
[2017-04-23 11:43:46.820] [INFO] app - Process GET /stylesheets/main.min.css ...
[2017-04-23 11:43:46.828] [INFO] app - Process GET /bower_components/jquery/dist/jquery.min.js ...
[2017-04-23 11:43:46.835] [INFO] app - Process GET /bower_components/bootstrap-offcanvas/dist/js/bootstrap.offcanvas.min.js ...
[2017-04-23 11:43:46.840] [INFO] app - Process GET /bower_components/bootstrap/js/dropdown.js ...
[2017-04-23 11:43:46.845] [INFO] app - Process GET /bower_components/angular/angular.min.js ...
[2017-04-23 11:43:46.855] [INFO] app - Process GET /home/mhWeb.js ...
[2017-04-23 11:43:46.861] [INFO] app - Process GET /home/homeModule.js ...
[2017-04-23 11:43:46.865] [INFO] app - Process GET /blog/blogModule.js ...
[2017-04-23 11:43:46.869] [INFO] app - Process GET /books/booksModule.js ...
[2017-04-23 11:43:46.874] [INFO] app - Process GET /questions/questionsModule.js ...
[2017-04-23 11:43:46.878] [INFO] app - Process GET /serilaze/serilazeModule.js ...
[2017-04-23 11:43:46.893] [INFO] app - Process GET /statistics/statisticsModule.js ...
[2017-04-23 11:43:46.894] [INFO] app - Process GET /home/mhWebCtrl.js ...
[2017-04-23 11:43:46.894] [INFO] app - Process GET /images/logo.gif ...
[2017-04-23 11:43:46.955] [INFO] app - Process GET /bower_components/jquery/dist/jquery.min.map ...
[2017-04-23 11:43:46.956] [INFO] app - Process GET /bower_components/angular/angular.min.js.map ...
[2017-04-23 11:43:47.030] [INFO] app - Process GET /font/fontello.woff2?73501499 ...
[2017-04-23 11:44:42.592] [INFO] app - Process GET / ...
[2017-04-23 11:44:42.612] [INFO] app - Process GET /bower_components/bootstrap/dist/css/bootstrap.min.css ...
[2017-04-23 11:44:42.613] [INFO] app - Process GET /bower_components/animate.css/animate.min.css ...
[2017-04-23 11:44:42.614] [INFO] app - Process GET /bower_components/bootstrap-offcanvas/dist/css/bootstrap.offcanvas.min.css ...
[2017-04-23 11:44:42.614] [INFO] app - Process GET /stylesheets/main.min.css ...
[2017-04-23 11:44:42.622] [INFO] app - Process GET /bower_components/jquery/dist/jquery.min.js ...
[2017-04-23 11:44:42.629] [INFO] app - Process GET /bower_components/bootstrap-offcanvas/dist/js/bootstrap.offcanvas.min.js ...
[2017-04-23 11:44:42.635] [INFO] app - Process GET /bower_components/bootstrap/js/dropdown.js ...
[2017-04-23 11:44:42.641] [INFO] app - Process GET /bower_components/angular/angular.min.js ...
[2017-04-23 11:44:42.647] [INFO] app - Process GET /home/mhWeb.js ...
[2017-04-23 11:44:42.651] [INFO] app - Process GET /home/homeModule.js ...
[2017-04-23 11:44:42.656] [INFO] app - Process GET /blog/blogModule.js ...
[2017-04-23 11:44:42.660] [INFO] app - Process GET /books/booksModule.js ...
[2017-04-23 11:44:42.664] [INFO] app - Process GET /questions/questionsModule.js ...
[2017-04-23 11:44:42.670] [INFO] app - Process GET /serilaze/serilazeModule.js ...
[2017-04-23 11:44:42.691] [INFO] app - Process GET /statistics/statisticsModule.js ...
[2017-04-23 11:44:42.692] [INFO] app - Process GET /home/mhWebCtrl.js ...
[2017-04-23 11:44:42.692] [INFO] app - Process GET /images/logo.gif ...
[2017-04-23 11:44:42.751] [INFO] app - Process GET /bower_components/jquery/dist/jquery.min.map ...
[2017-04-23 11:44:42.751] [INFO] app - Process GET /bower_components/angular/angular.min.js.map ...
[2017-04-23 11:44:42.822] [INFO] app - Process GET /font/fontello.woff2?73501499 ...
[2017-04-23 11:44:44.660] [INFO] app - Process GET / ...
[2017-04-23 11:44:44.678] [INFO] app - Process GET /bower_components/bootstrap/dist/css/bootstrap.min.css ...
[2017-04-23 11:44:44.679] [INFO] app - Process GET /bower_components/animate.css/animate.min.css ...
[2017-04-23 11:44:44.680] [INFO] app - Process GET /bower_components/bootstrap-offcanvas/dist/css/bootstrap.offcanvas.min.css ...
[2017-04-23 11:44:44.681] [INFO] app - Process GET /stylesheets/main.min.css ...
[2017-04-23 11:44:44.689] [INFO] app - Process GET /bower_components/jquery/dist/jquery.min.js ...
[2017-04-23 11:44:44.695] [INFO] app - Process GET /bower_components/bootstrap-offcanvas/dist/js/bootstrap.offcanvas.min.js ...
[2017-04-23 11:44:44.701] [INFO] app - Process GET /bower_components/bootstrap/js/dropdown.js ...
[2017-04-23 11:44:44.706] [INFO] app - Process GET /bower_components/angular/angular.min.js ...
[2017-04-23 11:44:44.713] [INFO] app - Process GET /home/mhWeb.js ...
[2017-04-23 11:44:44.717] [INFO] app - Process GET /home/homeModule.js ...
[2017-04-23 11:44:44.723] [INFO] app - Process GET /blog/blogModule.js ...
[2017-04-23 11:44:44.728] [INFO] app - Process GET /books/booksModule.js ...
[2017-04-23 11:44:44.732] [INFO] app - Process GET /questions/questionsModule.js ...
[2017-04-23 11:44:44.752] [INFO] app - Process GET /serilaze/serilazeModule.js ...
[2017-04-23 11:44:44.753] [INFO] app - Process GET /statistics/statisticsModule.js ...
[2017-04-23 11:44:44.754] [INFO] app - Process GET /home/mhWebCtrl.js ...
[2017-04-23 11:44:44.755] [INFO] app - Process GET /images/logo.gif ...
[2017-04-23 11:44:44.807] [INFO] app - Process GET /bower_components/jquery/dist/jquery.min.map ...
[2017-04-23 11:44:44.808] [INFO] app - Process GET /bower_components/angular/angular.min.js.map ...
[2017-04-23 11:44:44.866] [INFO] app - Process GET /font/fontello.woff2?73501499 ...
[2017-04-23 11:46:45.441] [INFO] app - Process GET / ...
[2017-04-23 11:46:45.457] [INFO] app - Process GET /bower_components/bootstrap/dist/css/bootstrap.min.css ...
[2017-04-23 11:46:45.458] [INFO] app - Process GET /bower_components/animate.css/animate.min.css ...
[2017-04-23 11:46:45.458] [INFO] app - Process GET /bower_components/bootstrap-offcanvas/dist/css/bootstrap.offcanvas.min.css ...
[2017-04-23 11:46:45.459] [INFO] app - Process GET /stylesheets/main.min.css ...
[2017-04-23 11:46:45.469] [INFO] app - Process GET /bower_components/jquery/dist/jquery.min.js ...
[2017-04-23 11:46:45.475] [INFO] app - Process GET /bower_components/bootstrap-offcanvas/dist/js/bootstrap.offcanvas.min.js ...
[2017-04-23 11:46:45.481] [INFO] app - Process GET /bower_components/bootstrap/js/dropdown.js ...
[2017-04-23 11:46:45.487] [INFO] app - Process GET /bower_components/angular/angular.min.js ...
[2017-04-23 11:46:45.493] [INFO] app - Process GET /bower_components/angular-route/angular-route.min.js ...
[2017-04-23 11:46:45.498] [INFO] app - Process GET /home/mhWeb.js ...
[2017-04-23 11:46:45.503] [INFO] app - Process GET /home/homeModule.js ...
[2017-04-23 11:46:45.507] [INFO] app - Process GET /blog/blogModule.js ...
[2017-04-23 11:46:45.513] [INFO] app - Process GET /books/booksModule.js ...
[2017-04-23 11:46:45.533] [INFO] app - Process GET /questions/questionsModule.js ...
[2017-04-23 11:46:45.534] [INFO] app - Process GET /serilaze/serilazeModule.js ...
[2017-04-23 11:46:45.534] [INFO] app - Process GET /statistics/statisticsModule.js ...
[2017-04-23 11:46:45.534] [INFO] app - Process GET /home/mhWebCtrl.js ...
[2017-04-23 11:46:45.535] [INFO] app - Process GET /images/logo.gif ...
[2017-04-23 11:46:45.595] [INFO] app - Process GET /bower_components/jquery/dist/jquery.min.map ...
[2017-04-23 11:46:45.596] [INFO] app - Process GET /bower_components/angular/angular.min.js.map ...
[2017-04-23 11:46:45.600] [INFO] app - Process GET /bower_components/angular-route/angular-route.min.js.map ...
[2017-04-23 11:46:45.665] [INFO] app - Process GET /font/fontello.woff2?73501499 ...
[2017-04-23 11:46:47.406] [INFO] app - Process GET / ...
[2017-04-23 11:46:47.421] [INFO] app - Process GET /bower_components/bootstrap/dist/css/bootstrap.min.css ...
[2017-04-23 11:46:47.422] [INFO] app - Process GET /bower_components/animate.css/animate.min.css ...
[2017-04-23 11:46:47.423] [INFO] app - Process GET /bower_components/bootstrap-offcanvas/dist/css/bootstrap.offcanvas.min.css ...
[2017-04-23 11:46:47.423] [INFO] app - Process GET /stylesheets/main.min.css ...
[2017-04-23 11:46:47.431] [INFO] app - Process GET /bower_components/jquery/dist/jquery.min.js ...
[2017-04-23 11:46:47.438] [INFO] app - Process GET /bower_components/bootstrap-offcanvas/dist/js/bootstrap.offcanvas.min.js ...
[2017-04-23 11:46:47.443] [INFO] app - Process GET /bower_components/bootstrap/js/dropdown.js ...
[2017-04-23 11:46:47.448] [INFO] app - Process GET /bower_components/angular/angular.min.js ...
[2017-04-23 11:46:47.453] [INFO] app - Process GET /bower_components/angular-route/angular-route.min.js ...
[2017-04-23 11:46:47.457] [INFO] app - Process GET /home/mhWeb.js ...
[2017-04-23 11:46:47.462] [INFO] app - Process GET /home/homeModule.js ...
[2017-04-23 11:46:47.467] [INFO] app - Process GET /blog/blogModule.js ...
[2017-04-23 11:46:47.471] [INFO] app - Process GET /books/booksModule.js ...
[2017-04-23 11:46:47.476] [INFO] app - Process GET /questions/questionsModule.js ...
[2017-04-23 11:46:47.495] [INFO] app - Process GET /serilaze/serilazeModule.js ...
[2017-04-23 11:46:47.495] [INFO] app - Process GET /statistics/statisticsModule.js ...
[2017-04-23 11:46:47.496] [INFO] app - Process GET /home/mhWebCtrl.js ...
[2017-04-23 11:46:47.497] [INFO] app - Process GET /images/logo.gif ...
[2017-04-23 11:46:47.548] [INFO] app - Process GET /bower_components/jquery/dist/jquery.min.map ...
[2017-04-23 11:46:47.549] [INFO] app - Process GET /bower_components/angular/angular.min.js.map ...
[2017-04-23 11:46:47.550] [INFO] app - Process GET /bower_components/angular-route/angular-route.min.js.map ...
[2017-04-23 11:46:47.610] [INFO] app - Process GET /font/fontello.woff2?73501499 ...
[2017-04-23 11:48:14.426] [INFO] app - Process GET / ...
[2017-04-23 11:48:14.441] [INFO] app - Process GET /bower_components/bootstrap/dist/css/bootstrap.min.css ...
[2017-04-23 11:48:14.442] [INFO] app - Process GET /bower_components/animate.css/animate.min.css ...
[2017-04-23 11:48:14.442] [INFO] app - Process GET /bower_components/bootstrap-offcanvas/dist/css/bootstrap.offcanvas.min.css ...
[2017-04-23 11:48:14.443] [INFO] app - Process GET /stylesheets/main.min.css ...
[2017-04-23 11:48:14.456] [INFO] app - Process GET /bower_components/jquery/dist/jquery.min.js ...
[2017-04-23 11:48:14.462] [INFO] app - Process GET /bower_components/bootstrap-offcanvas/dist/js/bootstrap.offcanvas.min.js ...
[2017-04-23 11:48:14.466] [INFO] app - Process GET /bower_components/bootstrap/js/dropdown.js ...
[2017-04-23 11:48:14.472] [INFO] app - Process GET /bower_components/angular/angular.min.js ...
[2017-04-23 11:48:14.477] [INFO] app - Process GET /bower_components/angular-route/angular-route.min.js ...
[2017-04-23 11:48:14.482] [INFO] app - Process GET /home/mhWeb.js ...
[2017-04-23 11:48:14.486] [INFO] app - Process GET /home/homeModule.js ...
[2017-04-23 11:48:14.492] [INFO] app - Process GET /blog/blogModule.js ...
[2017-04-23 11:48:14.496] [INFO] app - Process GET /books/booksModule.js ...
[2017-04-23 11:48:14.500] [INFO] app - Process GET /questions/questionsModule.js ...
[2017-04-23 11:48:14.504] [INFO] app - Process GET /serilaze/serilazeModule.js ...
[2017-04-23 11:48:14.522] [INFO] app - Process GET /statistics/statisticsModule.js ...
[2017-04-23 11:48:14.524] [INFO] app - Process GET /home/mhWebCtrl.js ...
[2017-04-23 11:48:14.525] [INFO] app - Process GET /images/logo.gif ...
[2017-04-23 11:48:14.578] [INFO] app - Process GET /bower_components/jquery/dist/jquery.min.map ...
[2017-04-23 11:48:14.579] [INFO] app - Process GET /bower_components/angular/angular.min.js.map ...
[2017-04-23 11:48:14.581] [INFO] app - Process GET /bower_components/angular-route/angular-route.min.js.map ...
[2017-04-23 11:48:14.651] [INFO] app - Process GET /font/fontello.woff2?73501499 ...
[2017-04-23 11:48:14.718] [INFO] app - Process GET /home/about.html ...
[2017-04-23 11:48:14.748] [INFO] app - Process GET /bower_components/bootstrap/dist/css/bootstrap.min.css ...
[2017-04-23 11:48:14.748] [INFO] app - Process GET /bower_components/bootstrap-offcanvas/dist/css/bootstrap.offcanvas.min.css ...
[2017-04-23 11:48:14.749] [INFO] app - Process GET /stylesheets/main.min.css ...
[2017-04-23 11:48:14.755] [INFO] app - Process GET /bower_components/jquery/dist/jquery.min.js?_=1492919294549 ...
[2017-04-23 11:48:14.785] [INFO] app - Process GET /bower_components/bootstrap-offcanvas/dist/js/bootstrap.offcanvas.js?_=1492919294550 ...
[2017-04-23 11:48:14.795] [INFO] app - Process GET /bower_components/bootstrap/js/dropdown.js?_=1492919294551 ...
[2017-04-23 11:48:14.810] [INFO] app - Process GET /images/about.jpg ...
[2017-04-23 11:48:14.845] [INFO] app - Process GET /font/fontello.woff2?73501499 ...
[2017-04-23 11:48:14.849] [INFO] app - Process GET /jquery.min.map ...
[2017-04-23 11:48:17.139] [INFO] app - Process GET /bower_components/bootstrap/dist/css/bootstrap.min.css ...
[2017-04-23 11:48:17.140] [INFO] app - Process GET /bower_components/bootstrap-offcanvas/dist/css/bootstrap.offcanvas.min.css ...
[2017-04-23 11:48:17.141] [INFO] app - Process GET /stylesheets/main.min.css ...
[2017-04-23 11:48:17.142] [INFO] app - Process GET /bower_components/jquery/dist/jquery.min.js?_=1492919294552 ...
[2017-04-23 11:48:17.174] [INFO] app - Process GET /bower_components/bootstrap-offcanvas/dist/js/bootstrap.offcanvas.js?_=1492919294553 ...
[2017-04-23 11:48:17.174] [INFO] app - Process GET /jquery.min.map ...
[2017-04-23 11:48:17.182] [INFO] app - Process GET /bower_components/bootstrap/js/dropdown.js?_=1492919294554 ...
[2017-04-23 11:48:17.219] [INFO] app - Process GET /font/fontello.woff2?73501499 ...
[2017-04-23 11:48:18.560] [INFO] app - Process GET / ...
[2017-04-23 11:48:18.576] [INFO] app - Process GET /bower_components/bootstrap/dist/css/bootstrap.min.css ...
[2017-04-23 11:48:18.578] [INFO] app - Process GET /bower_components/animate.css/animate.min.css ...
[2017-04-23 11:48:18.578] [INFO] app - Process GET /bower_components/bootstrap-offcanvas/dist/css/bootstrap.offcanvas.min.css ...
[2017-04-23 11:48:18.578] [INFO] app - Process GET /stylesheets/main.min.css ...
[2017-04-23 11:48:18.588] [INFO] app - Process GET /bower_components/jquery/dist/jquery.min.js ...
[2017-04-23 11:48:18.594] [INFO] app - Process GET /bower_components/bootstrap-offcanvas/dist/js/bootstrap.offcanvas.min.js ...
[2017-04-23 11:48:18.599] [INFO] app - Process GET /bower_components/bootstrap/js/dropdown.js ...
[2017-04-23 11:48:18.604] [INFO] app - Process GET /bower_components/angular/angular.min.js ...
[2017-04-23 11:48:18.609] [INFO] app - Process GET /bower_components/angular-route/angular-route.min.js ...
[2017-04-23 11:48:18.614] [INFO] app - Process GET /home/mhWeb.js ...
[2017-04-23 11:48:18.619] [INFO] app - Process GET /home/homeModule.js ...
[2017-04-23 11:48:18.624] [INFO] app - Process GET /blog/blogModule.js ...
[2017-04-23 11:48:18.628] [INFO] app - Process GET /books/booksModule.js ...
[2017-04-23 11:48:18.648] [INFO] app - Process GET /questions/questionsModule.js ...
[2017-04-23 11:48:18.649] [INFO] app - Process GET /serilaze/serilazeModule.js ...
[2017-04-23 11:48:18.650] [INFO] app - Process GET /statistics/statisticsModule.js ...
[2017-04-23 11:48:18.650] [INFO] app - Process GET /home/mhWebCtrl.js ...
[2017-04-23 11:48:18.651] [INFO] app - Process GET /images/logo.gif ...
[2017-04-23 11:48:18.702] [INFO] app - Process GET /bower_components/jquery/dist/jquery.min.map ...
[2017-04-23 11:48:18.702] [INFO] app - Process GET /bower_components/angular/angular.min.js.map ...
[2017-04-23 11:48:18.703] [INFO] app - Process GET /bower_components/angular-route/angular-route.min.js.map ...
[2017-04-23 11:48:18.763] [INFO] app - Process GET /font/fontello.woff2?73501499 ...
[2017-04-23 11:48:18.834] [INFO] app - Process GET /home/about.html ...
[2017-04-23 11:48:18.870] [INFO] app - Process GET /bower_components/bootstrap/dist/css/bootstrap.min.css ...
[2017-04-23 11:48:18.872] [INFO] app - Process GET /bower_components/bootstrap-offcanvas/dist/css/bootstrap.offcanvas.min.css ...
[2017-04-23 11:48:18.872] [INFO] app - Process GET /stylesheets/main.min.css ...
[2017-04-23 11:48:18.876] [INFO] app - Process GET /bower_components/jquery/dist/jquery.min.js?_=1492919298671 ...
[2017-04-23 11:48:18.905] [INFO] app - Process GET /bower_components/bootstrap-offcanvas/dist/js/bootstrap.offcanvas.js?_=1492919298672 ...
[2017-04-23 11:48:18.907] [INFO] app - Process GET /jquery.min.map ...
[2017-04-23 11:48:18.916] [INFO] app - Process GET /bower_components/bootstrap/js/dropdown.js?_=1492919298673 ...
[2017-04-23 11:48:18.931] [INFO] app - Process GET /images/about.jpg ...
[2017-04-23 11:48:18.959] [INFO] app - Process GET /font/fontello.woff2?73501499 ...
